# JRE version: OpenJDK Runtime Environment (17.0.9) (build 17.0.9+0--11185874)
# Java VM: OpenJDK 64-Bit Server VM (17.0.9+0--11185874, mixed mode, tiered, compressed oops, compressed class ptrs, g1 gc, windows-amd64)
GC Precious Log:
 CPUs: 8 total, 8 available
 Memory: 8059M
 Large Page Support: Disabled
 NUMA Support: Disabled
 Compressed Oops: Enabled (32-bit)
 Heap Region Size: 1M
 Heap Min Capacity: 8M
 Heap Initial Capacity: 126M
 Heap Max Capacity: 2G
 Pre-touch: Disabled
 Parallel Workers: 8
 Concurrent Workers: 2
 Concurrent Refinement Workers: 8
 Periodic GC: Disabled
Heap:
 garbage-first heap   total 149504K, used 83569K [0x0000000080000000, 0x0000000100000000)
  region size 1024K, 1 young (1024K), 1 survivors (1024K)
 Metaspace       used 83899K, committed 84544K, reserved 1179648K
  class space    used 11319K, committed 11648K, reserved 1048576K
GC Heap History (20 events):
Event: 144.908 GC heap after
{Heap after GC invocations=69 (full 0):
 garbage-first heap   total 149504K, used 77981K [0x0000000080000000, 0x0000000100000000)
  region size 1024K, 6 young (6144K), 6 survivors (6144K)
 Metaspace       used 78641K, committed 79232K, reserved 1179648K
  class space    used 10601K, committed 10880K, reserved 1048576K
}
Event: 145.693 GC heap before
{Heap before GC invocations=69 (full 0):
 garbage-first heap   total 149504K, used 79005K [0x0000000080000000, 0x0000000100000000)
  region size 1024K, 7 young (7168K), 6 survivors (6144K)
 Metaspace       used 78771K, committed 79424K, reserved 1179648K
  class space    used 10622K, committed 10944K, reserved 1048576K
}
Event: 145.923 GC heap after
{Heap after GC invocations=70 (full 0):
 garbage-first heap   total 149504K, used 77940K [0x0000000080000000, 0x0000000100000000)
  region size 1024K, 1 young (1024K), 1 survivors (1024K)
 Metaspace       used 78771K, committed 79424K, reserved 1179648K
  class space    used 10622K, committed 10944K, reserved 1048576K
}
Event: 150.164 GC heap before
{Heap before GC invocations=71 (full 0):
 garbage-first heap   total 149504K, used 84084K [0x0000000080000000, 0x0000000100000000)
  region size 1024K, 7 young (7168K), 1 survivors (1024K)
 Metaspace       used 79117K, committed 79744K, reserved 1179648K
  class space    used 10670K, committed 10944K, reserved 1048576K
}
Event: 150.183 GC heap after
{Heap after GC invocations=72 (full 0):
 garbage-first heap   total 149504K, used 78041K [0x0000000080000000, 0x0000000100000000)
  region size 1024K, 1 young (1024K), 1 survivors (1024K)
 Metaspace       used 79117K, committed 79744K, reserved 1179648K
  class space    used 10670K, committed 10944K, reserved 1048576K
}
Event: 157.042 GC heap before
{Heap before GC invocations=72 (full 0):
 garbage-first heap   total 149504K, used 96473K [0x0000000080000000, 0x0000000100000000)
  region size 1024K, 19 young (19456K), 1 survivors (1024K)
 Metaspace       used 80315K, committed 80960K, reserved 1179648K
  class space    used 10839K, committed 11136K, reserved 1048576K
}
Event: 157.061 GC heap after
{Heap after GC invocations=73 (full 0):
 garbage-first heap   total 149504K, used 78586K [0x0000000080000000, 0x0000000100000000)
  region size 1024K, 2 young (2048K), 2 survivors (2048K)
 Metaspace       used 80315K, committed 80960K, reserved 1179648K
  class space    used 10839K, committed 11136K, reserved 1048576K
}
Event: 167.842 GC heap before
{Heap before GC invocations=74 (full 0):
 garbage-first heap   total 149504K, used 119546K [0x0000000080000000, 0x0000000100000000)
  region size 1024K, 42 young (43008K), 2 survivors (2048K)
 Metaspace       used 81527K, committed 82240K, reserved 1179648K
  class space    used 10989K, committed 11328K, reserved 1048576K
}
Event: 168.166 GC heap after
{Heap after GC invocations=75 (full 0):
 garbage-first heap   total 149504K, used 82829K [0x0000000080000000, 0x0000000100000000)
  region size 1024K, 6 young (6144K), 6 survivors (6144K)
 Metaspace       used 81527K, committed 82240K, reserved 1179648K
  class space    used 10989K, committed 11328K, reserved 1048576K
}
Event: 168.242 GC heap before
{Heap before GC invocations=75 (full 0):
 garbage-first heap   total 149504K, used 83853K [0x0000000080000000, 0x0000000100000000)
  region size 1024K, 7 young (7168K), 6 survivors (6144K)
 Metaspace       used 81583K, committed 82240K, reserved 1179648K
  class space    used 10996K, committed 11328K, reserved 1048576K
}
Event: 169.533 GC heap after
{Heap after GC invocations=76 (full 0):
 garbage-first heap   total 149504K, used 83663K [0x0000000080000000, 0x0000000100000000)
  region size 1024K, 1 young (1024K), 1 survivors (1024K)
 Metaspace       used 81583K, committed 82240K, reserved 1179648K
  class space    used 10996K, committed 11328K, reserved 1048576K
}
Event: 170.876 GC heap before
{Heap before GC invocations=77 (full 0):
 garbage-first heap   total 149504K, used 88783K [0x0000000080000000, 0x0000000100000000)
  region size 1024K, 7 young (7168K), 1 survivors (1024K)
 Metaspace       used 82042K, committed 82752K, reserved 1179648K
  class space    used 11058K, committed 11392K, reserved 1048576K
}
Event: 170.882 GC heap after
{Heap after GC invocations=78 (full 0):
 garbage-first heap   total 149504K, used 83070K [0x0000000080000000, 0x0000000100000000)
  region size 1024K, 1 young (1024K), 1 survivors (1024K)
 Metaspace       used 82042K, committed 82752K, reserved 1179648K
  class space    used 11058K, committed 11392K, reserved 1048576K
}
Event: 171.608 GC heap before
{Heap before GC invocations=78 (full 0):
 garbage-first heap   total 149504K, used 88190K [0x0000000080000000, 0x0000000100000000)
  region size 1024K, 7 young (7168K), 1 survivors (1024K)
 Metaspace       used 82594K, committed 83264K, reserved 1179648K
  class space    used 11125K, committed 11456K, reserved 1048576K
}
Event: 171.890 GC heap after
{Heap after GC invocations=79 (full 0):
 garbage-first heap   total 149504K, used 83294K [0x0000000080000000, 0x0000000100000000)
  region size 1024K, 1 young (1024K), 1 survivors (1024K)
 Metaspace       used 82594K, committed 83264K, reserved 1179648K
  class space    used 11125K, committed 11456K, reserved 1048576K
}
Event: 174.042 GC heap before
{Heap before GC invocations=79 (full 0):
 garbage-first heap   total 149504K, used 90462K [0x0000000080000000, 0x0000000100000000)
  region size 1024K, 8 young (8192K), 1 survivors (1024K)
 Metaspace       used 83085K, committed 83776K, reserved 1179648K
  class space    used 11196K, committed 11520K, reserved 1048576K
}
Event: 174.851 GC heap after
{Heap after GC invocations=80 (full 0):
 garbage-first heap   total 149504K, used 83510K [0x0000000080000000, 0x0000000100000000)
  region size 1024K, 1 young (1024K), 1 survivors (1024K)
 Metaspace       used 83085K, committed 83776K, reserved 1179648K
  class space    used 11196K, committed 11520K, reserved 1048576K
}
Event: 181.415 GC heap before
{Heap before GC invocations=81 (full 0):
 garbage-first heap   total 149504K, used 89654K [0x0000000080000000, 0x0000000100000000)
  region size 1024K, 7 young (7168K), 1 survivors (1024K)
 Metaspace       used 83466K, committed 84160K, reserved 1179648K
  class space    used 11261K, committed 11584K, reserved 1048576K
}
Event: 181.713 GC heap after
{Heap after GC invocations=82 (full 0):
 garbage-first heap   total 149504K, used 83800K [0x0000000080000000, 0x0000000100000000)
  region size 1024K, 1 young (1024K), 1 survivors (1024K)
 Metaspace       used 83466K, committed 84160K, reserved 1179648K
  class space    used 11261K, committed 11584K, reserved 1048576K
}
Event: 183.915 GC heap before
{Heap before GC invocations=82 (full 0):
 garbage-first heap   total 149504K, used 89944K [0x0000000080000000, 0x0000000100000000)
  region size 1024K, 7 young (7168K), 1 survivors (1024K)
 Metaspace       used 83899K, committed 84544K, reserved 1179648K
  class space    used 11319K, committed 11648K, reserved 1048576K
}

