# JRE version: OpenJDK Runtime Environment (17.0.9) (build 17.0.9+0--11185874)
# Java VM: OpenJDK 64-Bit Server VM (17.0.9+0--11185874, mixed mode, tiered, compressed oops, compressed class ptrs, g1 gc, windows-amd64)
GC Precious Log:
 CPUs: 8 total, 8 available
 Memory: 8059M
 Large Page Support: Disabled
 NUMA Support: Disabled
 Compressed Oops: Enabled (32-bit)
 Heap Region Size: 1M
 Heap Min Capacity: 8M
 Heap Initial Capacity: 126M
 Heap Max Capacity: 2G
 Pre-touch: Disabled
 Parallel Workers: 8
 Concurrent Workers: 2
 Concurrent Refinement Workers: 8
 Periodic GC: Disabled
Heap:
 garbage-first heap   total 86016K, used 54469K [0x0000000080000000, 0x0000000100000000)
  region size 1024K, 19 young (19456K), 1 survivors (1024K)
 Metaspace       used 62025K, committed 62592K, reserved 1114112K
  class space    used 8410K, committed 8704K, reserved 1048576K
GC Heap History (20 events):
Event: 133.764 GC heap before
{Heap before GC invocations=6 (full 0):
 garbage-first heap   total 71680K, used 48398K [0x0000000080000000, 0x0000000100000000)
  region size 1024K, 30 young (30720K), 2 survivors (2048K)
 Metaspace       used 30638K, committed 30912K, reserved 1114112K
  class space    used 4077K, committed 4224K, reserved 1048576K
}
Event: 133.767 GC heap after
{Heap after GC invocations=7 (full 0):
 garbage-first heap   total 71680K, used 22270K [0x0000000080000000, 0x0000000100000000)
  region size 1024K, 4 young (4096K), 4 survivors (4096K)
 Metaspace       used 30638K, committed 30912K, reserved 1114112K
  class space    used 4077K, committed 4224K, reserved 1048576K
}
Event: 134.527 GC heap before
{Heap before GC invocations=7 (full 0):
 garbage-first heap   total 71680K, used 50942K [0x0000000080000000, 0x0000000100000000)
  region size 1024K, 32 young (32768K), 4 survivors (4096K)
 Metaspace       used 34041K, committed 34304K, reserved 1114112K
  class space    used 4644K, committed 4736K, reserved 1048576K
}
Event: 134.532 GC heap after
{Heap after GC invocations=8 (full 0):
 garbage-first heap   total 71680K, used 23638K [0x0000000080000000, 0x0000000100000000)
  region size 1024K, 3 young (3072K), 3 survivors (3072K)
 Metaspace       used 34041K, committed 34304K, reserved 1114112K
  class space    used 4644K, committed 4736K, reserved 1048576K
}
Event: 134.943 GC heap before
{Heap before GC invocations=8 (full 0):
 garbage-first heap   total 71680K, used 32854K [0x0000000080000000, 0x0000000100000000)
  region size 1024K, 13 young (13312K), 3 survivors (3072K)
 Metaspace       used 35873K, committed 36160K, reserved 1114112K
  class space    used 4890K, committed 5056K, reserved 1048576K
}
Event: 134.946 GC heap after
{Heap after GC invocations=9 (full 0):
 garbage-first heap   total 71680K, used 24096K [0x0000000080000000, 0x0000000100000000)
  region size 1024K, 2 young (2048K), 2 survivors (2048K)
 Metaspace       used 35873K, committed 36160K, reserved 1114112K
  class space    used 4890K, committed 5056K, reserved 1048576K
}
Event: 136.033 GC heap before
{Heap before GC invocations=10 (full 0):
 garbage-first heap   total 71680K, used 54816K [0x0000000080000000, 0x0000000100000000)
  region size 1024K, 33 young (33792K), 2 survivors (2048K)
 Metaspace       used 41030K, committed 41344K, reserved 1114112K
  class space    used 5427K, committed 5568K, reserved 1048576K
}
Event: 136.040 GC heap after
{Heap after GC invocations=11 (full 0):
 garbage-first heap   total 71680K, used 28117K [0x0000000080000000, 0x0000000100000000)
  region size 1024K, 5 young (5120K), 5 survivors (5120K)
 Metaspace       used 41030K, committed 41344K, reserved 1114112K
  class space    used 5427K, committed 5568K, reserved 1048576K
}
Event: 136.534 GC heap before
{Heap before GC invocations=11 (full 0):
 garbage-first heap   total 71680K, used 55765K [0x0000000080000000, 0x0000000100000000)
  region size 1024K, 31 young (31744K), 5 survivors (5120K)
 Metaspace       used 42943K, committed 43392K, reserved 1114112K
  class space    used 5614K, committed 5824K, reserved 1048576K
}
Event: 136.541 GC heap after
{Heap after GC invocations=12 (full 0):
 garbage-first heap   total 71680K, used 29927K [0x0000000080000000, 0x0000000100000000)
  region size 1024K, 2 young (2048K), 2 survivors (2048K)
 Metaspace       used 42943K, committed 43392K, reserved 1114112K
  class space    used 5614K, committed 5824K, reserved 1048576K
}
Event: 137.351 GC heap before
{Heap before GC invocations=12 (full 0):
 garbage-first heap   total 71680K, used 55527K [0x0000000080000000, 0x0000000100000000)
  region size 1024K, 27 young (27648K), 2 survivors (2048K)
 Metaspace       used 46120K, committed 46464K, reserved 1114112K
  class space    used 6180K, committed 6336K, reserved 1048576K
}
Event: 137.355 GC heap after
{Heap after GC invocations=13 (full 0):
 garbage-first heap   total 86016K, used 31773K [0x0000000080000000, 0x0000000100000000)
  region size 1024K, 4 young (4096K), 4 survivors (4096K)
 Metaspace       used 46120K, committed 46464K, reserved 1114112K
  class space    used 6180K, committed 6336K, reserved 1048576K
}
Event: 138.565 GC heap before
{Heap before GC invocations=13 (full 0):
 garbage-first heap   total 86016K, used 66589K [0x0000000080000000, 0x0000000100000000)
  region size 1024K, 38 young (38912K), 4 survivors (4096K)
 Metaspace       used 51049K, committed 51456K, reserved 1114112K
  class space    used 6937K, committed 7104K, reserved 1048576K
}
Event: 138.569 GC heap after
{Heap after GC invocations=14 (full 0):
 garbage-first heap   total 86016K, used 33593K [0x0000000080000000, 0x0000000100000000)
  region size 1024K, 4 young (4096K), 4 survivors (4096K)
 Metaspace       used 51049K, committed 51456K, reserved 1114112K
  class space    used 6937K, committed 7104K, reserved 1048576K
}
Event: 139.220 GC heap before
{Heap before GC invocations=14 (full 0):
 garbage-first heap   total 86016K, used 66361K [0x0000000080000000, 0x0000000100000000)
  region size 1024K, 37 young (37888K), 4 survivors (4096K)
 Metaspace       used 57099K, committed 57536K, reserved 1114112K
  class space    used 7695K, committed 7872K, reserved 1048576K
}
Event: 139.227 GC heap after
{Heap after GC invocations=15 (full 0):
 garbage-first heap   total 86016K, used 35641K [0x0000000080000000, 0x0000000100000000)
  region size 1024K, 4 young (4096K), 4 survivors (4096K)
 Metaspace       used 57099K, committed 57536K, reserved 1114112K
  class space    used 7695K, committed 7872K, reserved 1048576K
}
Event: 140.222 GC heap before
{Heap before GC invocations=15 (full 0):
 garbage-first heap   total 86016K, used 67385K [0x0000000080000000, 0x0000000100000000)
  region size 1024K, 35 young (35840K), 4 survivors (4096K)
 Metaspace       used 59456K, committed 59904K, reserved 1114112K
  class space    used 7973K, committed 8192K, reserved 1048576K
}
Event: 140.227 GC heap after
{Heap after GC invocations=16 (full 0):
 garbage-first heap   total 86016K, used 37440K [0x0000000080000000, 0x0000000100000000)
  region size 1024K, 4 young (4096K), 4 survivors (4096K)
 Metaspace       used 59456K, committed 59904K, reserved 1114112K
  class space    used 7973K, committed 8192K, reserved 1048576K
}
Event: 140.337 GC heap before
{Heap before GC invocations=16 (full 0):
 garbage-first heap   total 86016K, used 42560K [0x0000000080000000, 0x0000000100000000)
  region size 1024K, 10 young (10240K), 4 survivors (4096K)
 Metaspace       used 60030K, committed 60480K, reserved 1114112K
  class space    used 8071K, committed 8320K, reserved 1048576K
}
Event: 140.341 GC heap after
{Heap after GC invocations=17 (full 0):
 garbage-first heap   total 86016K, used 37061K [0x0000000080000000, 0x0000000100000000)
  region size 1024K, 1 young (1024K), 1 survivors (1024K)
 Metaspace       used 60030K, committed 60480K, reserved 1114112K
  class space    used 8071K, committed 8320K, reserved 1048576K
}

